<?xml version="1.0" encoding="UTF-8"?>
<testng-results ignored="0" total="1" passed="1" failed="0" skipped="0">
  <reporter-output>
  </reporter-output>
  <suite started-at="2022-09-21T18:23:03 COT" name="Suite" finished-at="2022-09-21T18:23:29 COT" duration-ms="25495">
    <groups>
    </groups>
    <test started-at="2022-09-21T18:23:03 COT" name="Test" finished-at="2022-09-21T18:23:29 COT" duration-ms="25495">
      <class name="com.testNG.RunTestNG">
        <test-method is-config="true" signature="beforeClass(java.lang.String, java.lang.String, java.lang.String)[pri:0, instance:com.testNG.RunTestNG@5e316c74]" started-at="2022-09-21T18:23:03 COT" name="beforeClass" finished-at="2022-09-21T18:23:04 COT" duration-ms="1242" status="PASS">
          <params>
            <param index="0">
              <value>
                <![CDATA[https://www.saucedemo.com/]]>
              </value>
            </param>
            <param index="1">
              <value>
                <![CDATA[./imagenes/logo_iuvity.png]]>
              </value>
            </param>
            <param index="2">
              <value>
                <![CDATA[./output/]]>
              </value>
            </param>
          </params>
          <reporter-output>
          </reporter-output>
        </test-method> <!-- beforeClass -->
        <test-method signature="pruebaInicialTestNG(java.lang.String, java.lang.String, java.lang.String, java.lang.String)[pri:0, instance:com.testNG.RunTestNG@5e316c74]" started-at="2022-09-21T18:23:05 COT" name="pruebaInicialTestNG" description="acceso a Swag Labs" data-provider="busqueda" finished-at="2022-09-21T18:23:28 COT" duration-ms="23574" status="PASS">
          <params>
            <param index="0">
              <value>
                <![CDATA[Si]]>
              </value>
            </param>
            <param index="1">
              <value>
                <![CDATA[Si]]>
              </value>
            </param>
            <param index="2">
              <value>
                <![CDATA[standard_user]]>
              </value>
            </param>
            <param index="3">
              <value>
                <![CDATA[secret_sauce]]>
              </value>
            </param>
          </params>
          <reporter-output>
          </reporter-output>
        </test-method> <!-- pruebaInicialTestNG -->
        <test-method is-config="true" signature="afterClass()[pri:0, instance:com.testNG.RunTestNG@5e316c74]" started-at="2022-09-21T18:23:28 COT" name="afterClass" finished-at="2022-09-21T18:23:29 COT" duration-ms="204" status="PASS">
          <reporter-output>
          </reporter-output>
        </test-method> <!-- afterClass -->
      </class> <!-- com.testNG.RunTestNG -->
    </test> <!-- Test -->
  </suite> <!-- Suite -->
</testng-results>
